<?xml version="1.0" encoding="UTF-8" ?>
<testsuite tests="3" failures="0" name="com.qa.runners.MyRunnerTest" time="0.644" errors="1" skipped="0">
  <properties>
[...]
</properties>
  <testcase classname="Login Scenarios" name="Login with invalid user name" time="0.163"/>
  <testcase classname="Login Scenarios" name="Verify Current Forecast API with Valid data" time="0.007"/>
  <testcase classname="com.qa.runners.MyRunnerTest" name="com.qa.runners.MyRunnerTest" time="0.474">
    <error message="java.io.FileNotFoundException: target/cucumber/cucumber-html-reports/overview-features.html (Not a directory)" type="net.masterthought.cucumber.ValidationException">net.masterthought.cucumber.ValidationException: java.io.FileNotFoundException: target/cucumber/cucumber-html-reports/overview-features.html (Not a directory)
	at net.masterthought.cucumber.generators.AbstractPage.generateReport(AbstractPage.java:87)
	at net.masterthought.cucumber.generators.AbstractPage.generatePage(AbstractPage.java:66)
	at net.masterthought.cucumber.ReportBuilder.generateErrorPage(ReportBuilder.java:230)
	at net.masterthought.cucumber.ReportBuilder.generateReports(ReportBuilder.java:109)
	at de.monochromata.cucumber.report.PrettyReports.generatePrettyReport(PrettyReports.java:76)
	at de.monochromata.cucumber.report.PrettyReports.lambda$generatePrettyReport$0(PrettyReports.java:71)
	at io.cucumber.core.eventbus.AbstractEventPublisher.send(AbstractEventPublisher.java:51)
	at io.cucumber.core.eventbus.AbstractEventBus.send(AbstractEventBus.java:12)
	at io.cucumber.core.runtime.CucumberExecutionContext.emitTestRunFinished(CucumberExecutionContext.java:93)
	at io.cucumber.core.runtime.CucumberExecutionContext.finishTestRun(CucumberExecutionContext.java:74)
	at io.cucumber.junit.Cucumber$RunCucumber.evaluate(Cucumber.java:237)
	at org.junit.runners.ParentRunner$3.evaluate(ParentRunner.java:306)
	at org.junit.runners.ParentRunner.run(ParentRunner.java:413)
	at org.apache.maven.surefire.junit4.JUnit4Provider.execute(JUnit4Provider.java:252)
	at org.apache.maven.surefire.junit4.JUnit4Provider.executeTestSet(JUnit4Provider.java:141)
	at org.apache.maven.surefire.junit4.JUnit4Provider.invoke(JUnit4Provider.java:112)
	at sun.reflect.NativeMethodAccessorImpl.invoke0(Native Method)
	at sun.reflect.NativeMethodAccessorImpl.invoke(NativeMethodAccessorImpl.java:62)
	at sun.reflect.DelegatingMethodAccessorImpl.invoke(DelegatingMethodAccessorImpl.java:43)
	at java.lang.reflect.Method.invoke(Method.java:498)
	at org.apache.maven.surefire.util.ReflectionUtils.invokeMethodWithArray(ReflectionUtils.java:189)
	at org.apache.maven.surefire.booter.ProviderFactory$ProviderProxy.invoke(ProviderFactory.java:165)
	at org.apache.maven.surefire.booter.ProviderFactory.invokeProvider(ProviderFactory.java:85)
	at org.apache.maven.surefire.booter.ForkedBooter.runSuitesInProcess(ForkedBooter.java:115)
	at org.apache.maven.surefire.booter.ForkedBooter.main(ForkedBooter.java:75)
Caused by: java.io.FileNotFoundException: target/cucumber/cucumber-html-reports/overview-features.html (Not a directory)
	at java.io.FileOutputStream.open0(Native Method)
	at java.io.FileOutputStream.open(FileOutputStream.java:270)
	at java.io.FileOutputStream.&lt;init&gt;(FileOutputStream.java:213)
	at java.io.FileOutputStream.&lt;init&gt;(FileOutputStream.java:162)
	at net.masterthought.cucumber.generators.AbstractPage.generateReport(AbstractPage.java:84)
	... 24 more
</error>
    <system-err>Mar 18, 2021 11:51:34 AM net.masterthought.cucumber.ReportBuilder generateErrorPage
INFO: Unexpected error
net.masterthought.cucumber.ValidationException: java.io.IOException: Directory &apos;/Users/m_262107/AnizProjects/MyFramework/target/cucumber/cucumber-html-reports/css&apos; could not be created
	at net.masterthought.cucumber.ReportBuilder.copyResources(ReportBuilder.java:150)
	at net.masterthought.cucumber.ReportBuilder.copyStaticResources(ReportBuilder.java:125)
	at net.masterthought.cucumber.ReportBuilder.generateReports(ReportBuilder.java:84)
	at de.monochromata.cucumber.report.PrettyReports.generatePrettyReport(PrettyReports.java:76)
	at de.monochromata.cucumber.report.PrettyReports.lambda$generatePrettyReport$0(PrettyReports.java:71)
	at io.cucumber.core.eventbus.AbstractEventPublisher.send(AbstractEventPublisher.java:51)
	at io.cucumber.core.eventbus.AbstractEventBus.send(AbstractEventBus.java:12)
	at io.cucumber.core.runtime.CucumberExecutionContext.emitTestRunFinished(CucumberExecutionContext.java:93)
	at io.cucumber.core.runtime.CucumberExecutionContext.finishTestRun(CucumberExecutionContext.java:74)
	at io.cucumber.junit.Cucumber$RunCucumber.evaluate(Cucumber.java:237)
	at org.junit.runners.ParentRunner$3.evaluate(ParentRunner.java:306)
	at org.junit.runners.ParentRunner.run(ParentRunner.java:413)
	at org.apache.maven.surefire.junit4.JUnit4Provider.execute(JUnit4Provider.java:252)
	at org.apache.maven.surefire.junit4.JUnit4Provider.executeTestSet(JUnit4Provider.java:141)
	at org.apache.maven.surefire.junit4.JUnit4Provider.invoke(JUnit4Provider.java:112)
	at sun.reflect.NativeMethodAccessorImpl.invoke0(Native Method)
	at sun.reflect.NativeMethodAccessorImpl.invoke(NativeMethodAccessorImpl.java:62)
	at sun.reflect.DelegatingMethodAccessorImpl.invoke(DelegatingMethodAccessorImpl.java:43)
	at java.lang.reflect.Method.invoke(Method.java:498)
	at org.apache.maven.surefire.util.ReflectionUtils.invokeMethodWithArray(ReflectionUtils.java:189)
	at org.apache.maven.surefire.booter.ProviderFactory$ProviderProxy.invoke(ProviderFactory.java:165)
	at org.apache.maven.surefire.booter.ProviderFactory.invokeProvider(ProviderFactory.java:85)
	at org.apache.maven.surefire.booter.ForkedBooter.runSuitesInProcess(ForkedBooter.java:115)
	at org.apache.maven.surefire.booter.ForkedBooter.main(ForkedBooter.java:75)
Caused by: java.io.IOException: Directory &apos;/Users/m_262107/AnizProjects/MyFramework/target/cucumber/cucumber-html-reports/css&apos; could not be created
	at org.apache.commons.io.FileUtils.openOutputStream(FileUtils.java:361)
	at org.apache.commons.io.FileUtils.openOutputStream(FileUtils.java:324)
	at org.apache.commons.io.FileUtils.copyToFile(FileUtils.java:1529)
	at org.apache.commons.io.FileUtils.copyInputStreamToFile(FileUtils.java:1506)
	at net.masterthought.cucumber.ReportBuilder.copyResources(ReportBuilder.java:146)
	... 23 more

SLF4J: Failed to load class &quot;org.slf4j.impl.StaticLoggerBinder&quot;.
SLF4J: Defaulting to no-operation (NOP) logger implementation
SLF4J: See http://www.slf4j.org/codes.html#StaticLoggerBinder for further details.
</system-err>
  </testcase>
</testsuite>